#
# There is insufficient memory for the Java Runtime Environment to continue.
# Native memory allocation (malloc) failed to allocate 1224176 bytes for Chunk::new
# Possible reasons:
#   The system is out of physical RAM or swap space
#   In 32 bit mode, the process size limit was hit
# Possible solutions:
#   Reduce memory load on the system
#   Increase physical memory or swap space
#   Check if swap backing store is full
#   Use 64 bit Java on a 64 bit OS
#   Decrease Java heap size (-Xmx/-Xms)
#   Decrease number of Java threads
#   Decrease Java thread stack sizes (-Xss)
#   Set larger code cache with -XX:ReservedCodeCacheSize=
# This output file may be truncated or incomplete.
#
#  Out of Memory Error (allocation.cpp:390), pid=9848, tid=0x0000000000000a24
#
# JRE version: OpenJDK Runtime Environment (8.0_76-b03) (build 1.8.0_76-release-b03)
# Java VM: OpenJDK 64-Bit Server VM (25.76-b03 mixed mode windows-amd64 compressed oops)
# Failed to write core dump. Minidumps are not enabled by default on client versions of Windows
#

---------------  T H R E A D  ---------------

Current thread (0x0000000015e4f000):  JavaThread "C2 CompilerThread1" daemon [_thread_in_native, id=2596, stack(0x00000000175a0000,0x00000000176a0000)]

Stack: [0x00000000175a0000,0x00000000176a0000]
[error occurred during error reporting (printing stack bounds), id 0xc0000005]

Native frames: (J=compiled Java code, j=interpreted, Vv=VM code, C=native code)


Current CompileTask:
C2:5570076 35362       4       com.android.dx.dex.code.LocalList::make (102 bytes)


---------------  P R O C E S S  ---------------

Java Threads: ( => current thread )
  0x00000000201d0000 JavaThread "pool-265-thread-2" [_thread_blocked, id=6612, stack(0x0000000025df0000,0x0000000025ef0000)]
  0x00000000201d3000 JavaThread "pool-265-thread-1" [_thread_blocked, id=10288, stack(0x000000002cab0000,0x000000002cbb0000)]
  0x00000000202f5800 JavaThread "pool-264-thread-1" [_thread_blocked, id=11168, stack(0x000000001a280000,0x000000001a380000)]
  0x000000001d6ab800 JavaThread "Asynchronous log dispatcher for org.gradle.launcher.daemon.server.DefaultDaemonConnection@2946651e" [_thread_blocked, id=10712, stack(0x000000001a180000,0x000000001a280000)]
  0x000000001d6ad000 JavaThread "Daemon worker Thread 18" [_thread_blocked, id=11060, stack(0x000000001a080000,0x000000001a180000)]
  0x000000001d6a8800 JavaThread "Cancel handler" [_thread_blocked, id=8696, stack(0x0000000019f80000,0x000000001a080000)]
  0x000000001bd86000 JavaThread "Handler for socket connection from /127.0.0.1:58754 to /127.0.0.1:64523" [_thread_in_native, id=10488, stack(0x0000000019e80000,0x0000000019f80000)]
  0x000000001bd86800 JavaThread "Daemon Thread 18" [_thread_blocked, id=5764, stack(0x0000000019d80000,0x0000000019e80000)]
  0x000000001ce57000 JavaThread "pool-260-thread-1" [_thread_blocked, id=9468, stack(0x00000000280c0000,0x00000000281c0000)]
  0x000000001ac59800 JavaThread "pool-259-thread-1" [_thread_blocked, id=2800, stack(0x0000000021d60000,0x0000000021e60000)]
  0x000000001d750800 JavaThread "pool-9-thread-4" [_thread_blocked, id=7288, stack(0x0000000025cf0000,0x0000000025df0000)]
  0x000000001d74f000 JavaThread "pool-9-thread-3" [_thread_blocked, id=9500, stack(0x0000000025bf0000,0x0000000025cf0000)]
  0x000000001d74a800 JavaThread "pool-9-thread-2" [_thread_blocked, id=8368, stack(0x00000000236f0000,0x00000000237f0000)]
  0x000000001d74d800 JavaThread "pool-9-thread-1" [_thread_blocked, id=7092, stack(0x0000000021860000,0x0000000021960000)]
  0x000000001bd85000 JavaThread "stdout" daemon [_thread_in_native, id=8228, stack(0x00000000250f0000,0x00000000251f0000)]
  0x000000001bd83800 JavaThread "stderr" daemon [_thread_in_native, id=1076, stack(0x0000000024ff0000,0x00000000250f0000)]
  0x000000001bd84800 JavaThread "stdout" daemon [_thread_in_native, id=6832, stack(0x0000000024ef0000,0x0000000024ff0000)]
  0x000000001bd7f000 JavaThread "stderr" daemon [_thread_in_native, id=3748, stack(0x0000000024df0000,0x0000000024ef0000)]
  0x000000001bd82000 JavaThread "stdout" daemon [_thread_in_native, id=3844, stack(0x0000000024cf0000,0x0000000024df0000)]
  0x000000001bd81000 JavaThread "stderr" daemon [_thread_in_native, id=9412, stack(0x0000000024bf0000,0x0000000024cf0000)]
  0x000000001bd7e000 JavaThread "stdout" daemon [_thread_in_native, id=7576, stack(0x0000000024af0000,0x0000000024bf0000)]
  0x000000001bd80800 JavaThread "stderr" daemon [_thread_in_native, id=6284, stack(0x00000000249f0000,0x0000000024af0000)]
  0x000000001bd7d800 JavaThread "stdout" daemon [_thread_in_native, id=9228, stack(0x00000000248f0000,0x00000000249f0000)]
  0x000000001bd7f800 JavaThread "stderr" daemon [_thread_in_native, id=6872, stack(0x00000000247f0000,0x00000000248f0000)]
  0x000000001bd79800 JavaThread "png-cruncher_15" daemon [_thread_blocked, id=10084, stack(0x00000000245f0000,0x00000000246f0000)]
  0x000000001bd7c800 JavaThread "png-cruncher_14" daemon [_thread_blocked, id=7856, stack(0x00000000244f0000,0x00000000245f0000)]
  0x000000001bd7b000 JavaThread "png-cruncher_13" daemon [_thread_blocked, id=2528, stack(0x00000000243f0000,0x00000000244f0000)]
  0x000000001bd7c000 JavaThread "png-cruncher_12" daemon [_thread_blocked, id=10128, stack(0x00000000242f0000,0x00000000243f0000)]
  0x000000001bd7a800 JavaThread "png-cruncher_11" daemon [_thread_blocked, id=480, stack(0x00000000241f0000,0x00000000242f0000)]
  0x000000001b9cf800 JavaThread "stdout" daemon [_thread_in_native, id=9676, stack(0x00000000240f0000,0x00000000241f0000)]
  0x000000001b9ce800 JavaThread "stderr" daemon [_thread_in_native, id=100, stack(0x0000000023ff0000,0x00000000240f0000)]
  0x000000001b9cb000 JavaThread "stdout" daemon [_thread_in_native, id=5316, stack(0x0000000023ef0000,0x0000000023ff0000)]
  0x000000001b9ce000 JavaThread "stderr" daemon [_thread_in_native, id=3188, stack(0x0000000023df0000,0x0000000023ef0000)]
  0x000000001b9cd000 JavaThread "stdout" daemon [_thread_in_native, id=6640, stack(0x0000000023cf0000,0x0000000023df0000)]
  0x000000001b9ca000 JavaThread "stderr" daemon [_thread_in_native, id=6756, stack(0x0000000023bf0000,0x0000000023cf0000)]
  0x000000001b9c9800 JavaThread "stdout" daemon [_thread_in_native, id=9192, stack(0x0000000023af0000,0x0000000023bf0000)]
  0x000000001b9cc800 JavaThread "stderr" daemon [_thread_in_native, id=5340, stack(0x00000000239f0000,0x0000000023af0000)]
  0x000000001b9cb800 JavaThread "stdout" daemon [_thread_in_native, id=6676, stack(0x00000000238f0000,0x00000000239f0000)]
  0x000000001b9c8800 JavaThread "stderr" daemon [_thread_in_native, id=7592, stack(0x00000000237f0000,0x00000000238f0000)]
  0x000000001b9c8000 JavaThread "png-cruncher_10" daemon [_thread_blocked, id=2388, stack(0x00000000235f0000,0x00000000236f0000)]
  0x000000001b9c7000 JavaThread "png-cruncher_9" daemon [_thread_blocked, id=3156, stack(0x00000000234f0000,0x00000000235f0000)]
  0x000000001b9c4000 JavaThread "png-cruncher_8" daemon [_thread_blocked, id=1904, stack(0x00000000233f0000,0x00000000234f0000)]
  0x000000001b9c6800 JavaThread "png-cruncher_7" daemon [_thread_blocked, id=7336, stack(0x00000000232f0000,0x00000000233f0000)]
  0x000000001b9c5800 JavaThread "png-cruncher_6" daemon [_thread_blocked, id=7112, stack(0x00000000231f0000,0x00000000232f0000)]
  0x000000001b9c2800 JavaThread "stdout" daemon [_thread_in_native, id=1100, stack(0x00000000230f0000,0x00000000231f0000)]
  0x000000001b9c1000 JavaThread "stderr" daemon [_thread_in_native, id=8112, stack(0x0000000022ff0000,0x00000000230f0000)]
  0x000000001b9c2000 JavaThread "stdout" daemon [_thread_in_native, id=6200, stack(0x0000000022ef0000,0x0000000022ff0000)]
  0x000000001b9c0800 JavaThread "stderr" daemon [_thread_in_native, id=8884, stack(0x0000000022df0000,0x0000000022ef0000)]
  0x000000001b9c3800 JavaThread "stdout" daemon [_thread_in_native, id=7804, stack(0x0000000022cf0000,0x0000000022df0000)]
  0x00000000190e1000 JavaThread "stderr" daemon [_thread_in_native, id=5016, stack(0x0000000022bf0000,0x0000000022cf0000)]
  0x00000000190de000 JavaThread "stdout" daemon [_thread_in_native, id=9856, stack(0x0000000022af0000,0x0000000022bf0000)]
  0x00000000190dd800 JavaThread "stderr" daemon [_thread_in_native, id=9092, stack(0x00000000229f0000,0x0000000022af0000)]
  0x00000000190da800 JavaThread "stdout" daemon [_thread_in_native, id=7488, stack(0x00000000228f0000,0x00000000229f0000)]
  0x000000001b782800 JavaThread "stderr" daemon [_thread_in_native, id=5656, stack(0x00000000227f0000,0x00000000228f0000)]
  0x000000001b782000 JavaThread "png-cruncher_5" daemon [_thread_blocked, id=9404, stack(0x00000000226f0000,0x00000000227f0000)]
  0x000000001b781000 JavaThread "png-cruncher_4" daemon [_thread_blocked, id=9364, stack(0x00000000225f0000,0x00000000226f0000)]
  0x000000001b77c000 JavaThread "png-cruncher_3" daemon [_thread_blocked, id=664, stack(0x00000000224f0000,0x00000000225f0000)]
  0x000000001b77e000 JavaThread "png-cruncher_2" daemon [_thread_blocked, id=6304, stack(0x00000000223f0000,0x00000000224f0000)]
  0x000000001d6b4000 JavaThread "png-cruncher_1" daemon [_thread_blocked, id=8224, stack(0x000000001e1f0000,0x000000001e2f0000)]
  0x000000001d6af000 JavaThread "Java2D Disposer" daemon [_thread_blocked, id=9876, stack(0x00000000220f0000,0x00000000221f0000)]
  0x000000001b77c800 JavaThread "pool-2-thread-1" [_thread_blocked, id=3824, stack(0x000000001e0f0000,0x000000001e1f0000)]
  0x00000000190dc000 JavaThread "File lock request listener" [_thread_in_native, id=7076, stack(0x000000001f990000,0x000000001fa90000)]
  0x0000000018cc8800 JavaThread "pool-1-thread-1" [_thread_blocked, id=8720, stack(0x0000000019c80000,0x0000000019d80000)]
  0x0000000018747800 JavaThread "Incoming local TCP Connector on port 58754" [_thread_in_native, id=8160, stack(0x0000000019890000,0x0000000019990000)]
  0x00000000177c8800 JavaThread "Service Thread" daemon [_thread_blocked, id=7580, stack(0x0000000017ba0000,0x0000000017ca0000)]
  0x0000000015e52000 JavaThread "C1 CompilerThread2" daemon [_thread_blocked, id=3892, stack(0x00000000176a0000,0x00000000177a0000)]
=>0x0000000015e4f000 JavaThread "C2 CompilerThread1" daemon [_thread_in_native, id=2596, stack(0x00000000175a0000,0x00000000176a0000)]
  0x0000000015e4c000 JavaThread "C2 CompilerThread0" daemon [_thread_in_native, id=6100, stack(0x00000000174a0000,0x00000000175a0000)]
  0x0000000015e4b000 JavaThread "Attach Listener" daemon [_thread_blocked, id=9388, stack(0x00000000173a0000,0x00000000174a0000)]
  0x0000000015e47800 JavaThread "Signal Dispatcher" daemon [_thread_blocked, id=9044, stack(0x00000000172a0000,0x00000000173a0000)]
  0x0000000015e38800 JavaThread "Finalizer" daemon [_thread_blocked, id=3704, stack(0x00000000170b0000,0x00000000171b0000)]
  0x00000000024d0000 JavaThread "Reference Handler" daemon [_thread_blocked, id=720, stack(0x0000000016fb0000,0x00000000170b0000)]
  0x00000000023e0800 JavaThread "main" [_thread_blocked, id=6508, stack(0x00000000022b0000,0x00000000023b0000)]

Other Threads:
  0x0000000015e14800 VMThread [stack: 0x0000000016eb0000,0x0000000016fb0000] [id=1000]
  0x0000000015eae800 WatcherThread [stack: 0x0000000017ca0000,0x0000000017da0000] [id=5132]

VM state:at safepoint (normal execution)

VM Mutex/Monitor currently owned by a thread:  ([mutex/lock_event])
[0x00000000023dc2c0] Threads_lock - owner thread: 0x0000000015e14800
[0x00000000023dc9c0] Heap_lock - owner thread: 0x00000000201d3000

Heap:
 PSYoungGen      total 356352K, used 216064K [0x00000000e0000000, 0x00000000fed00000, 0x0000000100000000)
  eden space 216064K, 100% used [0x00000000e0000000,0x00000000ed300000,0x00000000ed300000)
  from space 140288K, 0% used [0x00000000f6400000,0x00000000f6400000,0x00000000fed00000)
  to   space 144384K, 0% used [0x00000000ed300000,0x00000000ed300000,0x00000000f6000000)
 ParOldGen       total 1048576K, used 1048511K [0x00000000a0000000, 0x00000000e0000000, 0x00000000e0000000)
  object space 1048576K, 99% used [0x00000000a0000000,0x00000000dffefe48,0x00000000e0000000)
 Metaspace       used 113781K, capacity 119136K, committed 130608K, reserved 1163264K
  class space    used 13442K, capacity 14198K, committed 16688K, reserved 1048576K

Card table byte_map: [0x00000000118a0000,0x0000000011bb0000] byte_map_base: 0x00000000113a0000

Marking Bits: (ParMarkBitMap*) 0x0000000075ab9d00
 Begin Bits: [0x00000000121b0000, 0x00000000139b0000)
 End Bits:   [0x00000000139b0000, 0x00000000151b0000)

Polling page: 0x0000000000b20000

CodeCache: size=245760Kb used=98140Kb max_used=98565Kb free=147619Kb
 bounds [0x00000000024e0000, 0x0000000008630000, 0x00000000114e0000]
 total_blobs=25777 nmethods=24835 adapters=852
 compilation: enabled

Compilation events (10 events):
Event: 5568.385 Thread 0x0000000015e52000 35411 % !   3       com.android.dx.dex.file.MixedItemSection::placeItems @ 72 (185 bytes)
Event: 5568.389 Thread 0x0000000015e52000 nmethod 35411% 0x0000000007b4b5d0 code [0x0000000007b4b980, 0x0000000007b4db48]
Event: 5568.389 Thread 0x0000000015e52000 35413       2       com.android.dx.dex.file.DebugInfoItem::itemType (4 bytes)
Event: 5568.389 Thread 0x0000000015e52000 nmethod 35413 0x0000000007acdad0 code [0x0000000007acdc20, 0x0000000007acdd70]
Event: 5568.389 Thread 0x0000000015e52000 35412       2       com.android.dx.dex.file.EncodedArrayItem::itemType (4 bytes)
Event: 5568.389 Thread 0x0000000015e52000 nmethod 35412 0x0000000007acd710 code [0x0000000007acd860, 0x0000000007acd9b0]
Event: 5568.403 Thread 0x0000000015e52000 35414       2       com.android.dx.dex.code.form.Form51l::isCompatible (53 bytes)
Event: 5568.404 Thread 0x0000000015e52000 nmethod 35414 0x00000000077f7b90 code [0x00000000077f7d00, 0x00000000077f7fc8]
Event: 5568.420 Thread 0x0000000015e52000 35415   !   3       com.android.dx.dex.file.MixedItemSection::placeItems (185 bytes)
Event: 5568.424 Thread 0x0000000015e52000 nmethod 35415 0x0000000007f69350 code [0x0000000007f69700, 0x0000000007f6b828]

GC Heap History (10 events):
Event: 5544.392 GC heap before
{Heap before GC invocations=161 (full 27):
 PSYoungGen      total 360448K, used 345708K [0x00000000e0000000, 0x00000000fed00000, 0x0000000100000000)
  eden space 216064K, 100% used [0x00000000e0000000,0x00000000ed300000,0x00000000ed300000)
  from space 144384K, 89% used [0x00000000ed300000,0x00000000f519b070,0x00000000f6000000)
  to   space 140288K, 0% used [0x00000000f6400000,0x00000000f6400000,0x00000000fed00000)
 ParOldGen       total 1048576K, used 819679K [0x00000000a0000000, 0x00000000e0000000, 0x00000000e0000000)
  object space 1048576K, 78% used [0x00000000a0000000,0x00000000d2077d08,0x00000000e0000000)
 Metaspace       used 113449K, capacity 118816K, committed 130608K, reserved 1163264K
  class space    used 13427K, capacity 14198K, committed 16688K, reserved 1048576K
Event: 5544.755 GC heap after
Heap after GC invocations=161 (full 27):
 PSYoungGen      total 356352K, used 126088K [0x00000000e0000000, 0x00000000fed00000, 0x0000000100000000)
  eden space 216064K, 0% used [0x00000000e0000000,0x00000000e0000000,0x00000000ed300000)
  from space 140288K, 89% used [0x00000000f6400000,0x00000000fdf22180,0x00000000fed00000)
  to   space 144384K, 0% used [0x00000000ed300000,0x00000000ed300000,0x00000000f6000000)
 ParOldGen       total 1048576K, used 853797K [0x00000000a0000000, 0x00000000e0000000, 0x00000000e0000000)
  object space 1048576K, 81% used [0x00000000a0000000,0x00000000d41c94b8,0x00000000e0000000)
 Metaspace       used 113449K, capacity 118816K, committed 130608K, reserved 1163264K
  class space    used 13427K, capacity 14198K, committed 16688K, reserved 1048576K
}
Event: 5545.301 GC heap before
{Heap before GC invocations=162 (full 27):
 PSYoungGen      total 356352K, used 342152K [0x00000000e0000000, 0x00000000fed00000, 0x0000000100000000)
  eden space 216064K, 100% used [0x00000000e0000000,0x00000000ed300000,0x00000000ed300000)
  from space 140288K, 89% used [0x00000000f6400000,0x00000000fdf22180,0x00000000fed00000)
  to   space 144384K, 0% used [0x00000000ed300000,0x00000000ed300000,0x00000000f6000000)
 ParOldGen       total 1048576K, used 853797K [0x00000000a0000000, 0x00000000e0000000, 0x00000000e0000000)
  object space 1048576K, 81% used [0x00000000a0000000,0x00000000d41c94b8,0x00000000e0000000)
 Metaspace       used 113450K, capacity 118816K, committed 130608K, reserved 1163264K
  class space    used 13427K, capacity 14198K, committed 16688K, reserved 1048576K
Event: 5545.672 GC heap after
Heap after GC invocations=162 (full 27):
 PSYoungGen      total 360448K, used 94029K [0x00000000e0000000, 0x00000000fed00000, 0x0000000100000000)
  eden space 216064K, 0% used [0x00000000e0000000,0x00000000e0000000,0x00000000ed300000)
  from space 144384K, 65% used [0x00000000ed300000,0x00000000f2ed3720,0x00000000f6000000)
  to   space 140288K, 0% used [0x00000000f6400000,0x00000000f6400000,0x00000000fed00000)
 ParOldGen       total 1048576K, used 917637K [0x00000000a0000000, 0x00000000e0000000, 0x00000000e0000000)
  object space 1048576K, 87% used [0x00000000a0000000,0x00000000d8021490,0x00000000e0000000)
 Metaspace       used 113450K, capacity 118816K, committed 130608K, reserved 1163264K
  class space    used 13427K, capacity 14198K, committed 16688K, reserved 1048576K
}
Event: 5546.189 GC heap before
{Heap before GC invocations=163 (full 27):
 PSYoungGen      total 360448K, used 310093K [0x00000000e0000000, 0x00000000fed00000, 0x0000000100000000)
  eden space 216064K, 100% used [0x00000000e0000000,0x00000000ed300000,0x00000000ed300000)
  from space 144384K, 65% used [0x00000000ed300000,0x00000000f2ed3720,0x00000000f6000000)
  to   space 140288K, 0% used [0x00000000f6400000,0x00000000f6400000,0x00000000fed00000)
 ParOldGen       total 1048576K, used 917637K [0x00000000a0000000, 0x00000000e0000000, 0x00000000e0000000)
  object space 1048576K, 87% used [0x00000000a0000000,0x00000000d8021490,0x00000000e0000000)
 Metaspace       used 113451K, capacity 118816K, committed 130608K, reserved 1163264K
  class space    used 13427K, capacity 14198K, committed 16688K, reserved 1048576K
Event: 5546.462 GC heap after
Heap after GC invocations=163 (full 27):
 PSYoungGen      total 356352K, used 64129K [0x00000000e0000000, 0x00000000fed00000, 0x0000000100000000)
  eden space 216064K, 0% used [0x00000000e0000000,0x00000000e0000000,0x00000000ed300000)
  from space 140288K, 45% used [0x00000000f6400000,0x00000000fa2a05f0,0x00000000fed00000)
  to   space 144384K, 0% used [0x00000000ed300000,0x00000000ed300000,0x00000000f6000000)
 ParOldGen       total 1048576K, used 979281K [0x00000000a0000000, 0x00000000e0000000, 0x00000000e0000000)
  object space 1048576K, 93% used [0x00000000a0000000,0x00000000dbc544a8,0x00000000e0000000)
 Metaspace       used 113451K, capacity 118816K, committed 130608K, reserved 1163264K
  class space    used 13427K, capacity 14198K, committed 16688K, reserved 1048576K
}
Event: 5546.463 GC heap before
{Heap before GC invocations=164 (full 28):
 PSYoungGen      total 356352K, used 64129K [0x00000000e0000000, 0x00000000fed00000, 0x0000000100000000)
  eden space 216064K, 0% used [0x00000000e0000000,0x00000000e0000000,0x00000000ed300000)
  from space 140288K, 45% used [0x00000000f6400000,0x00000000fa2a05f0,0x00000000fed00000)
  to   space 144384K, 0% used [0x00000000ed300000,0x00000000ed300000,0x00000000f6000000)
 ParOldGen       total 1048576K, used 979281K [0x00000000a0000000, 0x00000000e0000000, 0x00000000e0000000)
  object space 1048576K, 93% used [0x00000000a0000000,0x00000000dbc544a8,0x00000000e0000000)
 Metaspace       used 113451K, capacity 118816K, committed 130608K, reserved 1163264K
  class space    used 13427K, capacity 14198K, committed 16688K, reserved 1048576K
Event: 5558.557 GC heap after
Heap after GC invocations=164 (full 28):
 PSYoungGen      total 356352K, used 0K [0x00000000e0000000, 0x00000000fed00000, 0x0000000100000000)
  eden space 216064K, 0% used [0x00000000e0000000,0x00000000e0000000,0x00000000ed300000)
  from space 140288K, 0% used [0x00000000f6400000,0x00000000f6400000,0x00000000fed00000)
  to   space 144384K, 0% used [0x00000000ed300000,0x00000000ed300000,0x00000000f6000000)
 ParOldGen       total 1048576K, used 1025675K [0x00000000a0000000, 0x00000000e0000000, 0x00000000e0000000)
  object space 1048576K, 97% used [0x00000000a0000000,0x00000000de9a2d48,0x00000000e0000000)
 Metaspace       used 113451K, capacity 118816K, committed 130608K, reserved 1163264K
  class space    used 13427K, capacity 14198K, committed 16688K, reserved 1048576K
}
Event: 5559.040 GC heap before
{Heap before GC invocations=165 (full 29):
 PSYoungGen      total 356352K, used 216064K [0x00000000e0000000, 0x00000000fed00000, 0x0000000100000000)
  eden space 216064K, 100% used [0x00000000e0000000,0x00000000ed300000,0x00000000ed300000)
  from space 140288K, 0% used [0x00000000f6400000,0x00000000f6400000,0x00000000fed00000)
  to   space 144384K, 0% used [0x00000000ed300000,0x00000000ed300000,0x00000000f6000000)
 ParOldGen       total 1048576K, used 1025675K [0x00000000a0000000, 0x00000000e0000000, 0x00000000e0000000)
  object space 1048576K, 97% used [0x00000000a0000000,0x00000000de9a2d48,0x00000000e0000000)
 Metaspace       used 113451K, capacity 118816K, committed 130608K, reserved 1163264K
  class space    used 13427K, capacity 14198K, committed 16688K, reserved 1048576K
Event: 5566.167 GC heap after
Heap after GC invocations=165 (full 29):
 PSYoungGen      total 356352K, used 6573K [0x00000000e0000000, 0x00000000fed00000, 0x0000000100000000)
  eden space 216064K, 3% used [0x00000000e0000000,0x00000000e066b478,0x00000000ed300000)
  from space 140288K, 0% used [0x00000000f6400000,0x00000000f6400000,0x00000000fed00000)
  to   space 144384K, 0% used [0x00000000ed300000,0x00000000ed300000,0x00000000f6000000)
 ParOldGen       total 1048576K, used 1048511K [0x00000000a0000000, 0x00000000e0000000, 0x00000000e0000000)
  object space 1048576K, 99% used [0x00000000a0000000,0x00000000dffefe48,0x00000000e0000000)
 Metaspace       used 113451K, capacity 118816K, committed 130608K, reserved 1163264K
  class space    used 13427K, capacity 14198K, committed 16688K, reserved 1048576K
}

Deoptimization events (10 events):
Event: 5567.510 Thread 0x00000000201d3000 Uncommon trap: reason=array_check action=maybe_recompile pc=0x00000000074cd73c method=java.util.ComparableTimSort.mergeLo(IIII)V @ 133
Event: 5567.561 Thread 0x00000000201d3000 Uncommon trap: reason=unstable_if action=reinterpret pc=0x0000000007a535d8 method=com.android.dx.rop.code.SourcePosition.sameLine(Lcom/android/dx/rop/code/SourcePosition;)Z @ 8
Event: 5567.724 Thread 0x00000000201d0000 Uncommon trap: reason=unstable_if action=reinterpret pc=0x00000000076ecc44 method=com.android.dx.dex.code.form.Form35c.wordCount(Lcom/android/dx/rop/code/RegisterSpecList;)I @ 65
Event: 5567.831 Thread 0x00000000201d3000 Uncommon trap: reason=unstable_if action=reinterpret pc=0x000000000828c468 method=com.android.dx.rop.code.RegisterSpec.matchesVariable(Lcom/android/dx/rop/code/RegisterSpec;)Z @ 59
Event: 5567.831 Thread 0x00000000201d3000 Uncommon trap: reason=unstable_if action=reinterpret pc=0x00000000081b59bc method=com.android.dx.rop.code.RegisterSpec.matchesVariable(Lcom/android/dx/rop/code/RegisterSpec;)Z @ 59
Event: 5567.886 Thread 0x00000000201d3000 Uncommon trap: reason=unstable_if action=reinterpret pc=0x00000000085a5040 method=com.android.dx.dex.code.LocalList$MakeState.filterSpec(Lcom/android/dx/rop/code/RegisterSpec;)Lcom/android/dx/rop/code/RegisterSpec; @ 11
Event: 5567.890 Thread 0x00000000201d3000 Uncommon trap: reason=array_check action=maybe_recompile pc=0x00000000075a4f40 method=java.util.ComparableTimSort.mergeHi(IIII)V @ 171
Event: 5568.083 Thread 0x00000000201d3000 Uncommon trap: reason=unstable_if action=reinterpret pc=0x0000000006166e98 method=com.android.dx.dex.code.LocalList$MakeState.aboutToProcess(II)V @ 54
Event: 5568.263 Thread 0x00000000201d3000 Uncommon trap: reason=array_check action=maybe_recompile pc=0x00000000075a4f40 method=java.util.ComparableTimSort.mergeHi(IIII)V @ 171
Event: 5568.287 Thread 0x00000000201d0000 Uncommon trap: reason=unstable_if action=reinterpret pc=0x00000000077ee084 method=com.android.dx.dex.code.LocalList$MakeState.snapshot(ILcom/android/dx/rop/code/RegisterSpecSet;)V @ 86

Internal exceptions (10 events):
Event: 5374.634 Thread 0x000000001d6ad000 Exception <a 'java/lang/ArrayIndexOutOfBoundsException'> (0x00000000e7cb29d8) thrown at [C:\src\android\AOSP-openjdk\external\jetbrains\jdk\hotspot\src\share\vm\runtime\sharedRuntime.cpp, line 605]
Event: 5374.636 Thread 0x000000001d6ad000 Exception <a 'java/lang/ArrayIndexOutOfBoundsException'> (0x00000000e7cb45c8) thrown at [C:\src\android\AOSP-openjdk\external\jetbrains\jdk\hotspot\src\share\vm\runtime\sharedRuntime.cpp, line 605]
Event: 5419.400 Thread 0x000000001d6ad000 Implicit null exception at 0x00000000075f4892 to 0x00000000075f4e09
Event: 5437.338 Thread 0x00000000202fa000 Implicit null exception at 0x00000000074dd0fe to 0x00000000074ddf65
Event: 5437.612 Thread 0x00000000202f9000 Implicit null exception at 0x0000000007badd65 to 0x0000000007bae8c1
Event: 5498.410 Thread 0x00000000202f9000 Implicit null exception at 0x00000000085a4586 to 0x00000000085a597d
Event: 5498.717 Thread 0x00000000202f5800 Implicit null exception at 0x000000000759d625 to 0x000000000759e28d
Event: 5498.721 Thread 0x00000000202f5800 Implicit null exception at 0x0000000004eb90a5 to 0x0000000004eb90d5
Event: 5503.543 Thread 0x00000000202f9000 Implicit null exception at 0x00000000085a9d13 to 0x00000000085aae6d
Event: 5558.756 Thread 0x00000000202f8800 Implicit null exception at 0x000000000750b78c to 0x000000000750b88a

Events (10 events):
Event: 5568.491 Thread 0x00000000201d3000 DEOPT PACKING pc=0x00000000081af059 sp=0x000000002cbaef40
Event: 5568.491 Thread 0x00000000201d3000 DEOPT UNPACKING pc=0x00000000025275bf sp=0x000000002cbaec90 mode 0
Event: 5568.499 Thread 0x00000000201d3000 DEOPT PACKING pc=0x00000000081af059 sp=0x000000002cbaef40
Event: 5568.500 Thread 0x00000000201d3000 DEOPT UNPACKING pc=0x00000000025275bf sp=0x000000002cbaec90 mode 0
Event: 5568.506 Thread 0x00000000201d3000 DEOPT PACKING pc=0x00000000081af059 sp=0x000000002cbaef40
Event: 5568.506 Thread 0x00000000201d3000 DEOPT UNPACKING pc=0x00000000025275bf sp=0x000000002cbaec90 mode 0
Event: 5568.513 Thread 0x00000000201d3000 DEOPT PACKING pc=0x00000000081af059 sp=0x000000002cbaef40
Event: 5568.513 Thread 0x00000000201d3000 DEOPT UNPACKING pc=0x00000000025275bf sp=0x000000002cbaec90 mode 0
Event: 5568.521 Thread 0x00000000201d3000 DEOPT PACKING pc=0x00000000081af059 sp=0x000000002cbaef40
Event: 5568.521 Thread 0x00000000201d3000 DEOPT UNPACKING pc=0x00000000025275bf sp=0x000000002cbaec90 mode 0


Dynamic libraries:
0x00007ff791550000 - 0x00007ff791581000 	C:\Program Files\Android\Android Studio\jre\bin\java.exe
0x00007ff935d10000 - 0x00007ff935ebd000 	C:\Windows\SYSTEM32\ntdll.dll
0x00007ff934030000 - 0x00007ff93416e000 	C:\Windows\system32\KERNEL32.DLL
0x00007ff933280000 - 0x00007ff933396000 	C:\Windows\system32\KERNELBASE.dll
0x00007ff933d80000 - 0x00007ff933e2a000 	C:\Windows\system32\ADVAPI32.dll
0x00007ff933c00000 - 0x00007ff933d77000 	C:\Windows\system32\USER32.dll
0x00007ff931030000 - 0x00007ff9312ab000 	C:\Windows\WinSxS\amd64_microsoft.windows.common-controls_6595b64144ccf1df_6.0.9600.18006_none_623f33d3ecbe86e8\COMCTL32.dll
0x00007ff934180000 - 0x00007ff93422a000 	C:\Windows\system32\msvcrt.dll
0x00007ff934450000 - 0x00007ff9344a9000 	C:\Windows\SYSTEM32\sechost.dll
0x00007ff933ef0000 - 0x00007ff934030000 	C:\Windows\system32\RPCRT4.dll
0x00007ff9337b0000 - 0x00007ff9338fb000 	C:\Windows\system32\GDI32.dll
0x00007ff932f60000 - 0x00007ff932f8e000 	C:\Windows\system32\SspiCli.dll
0x00007ff933900000 - 0x00007ff933936000 	C:\Windows\system32\IMM32.DLL
0x00007ff933940000 - 0x00007ff933a91000 	C:\Windows\system32\MSCTF.dll
0x0000000075220000 - 0x00000000752f2000 	C:\Program Files\Android\Android Studio\jre\jre\bin\msvcr100.dll
0x0000000075300000 - 0x0000000075b34000 	C:\Program Files\Android\Android Studio\jre\jre\bin\server\jvm.dll
0x00007ff92fe10000 - 0x00007ff92fe19000 	C:\Windows\SYSTEM32\WSOCK32.dll
0x00007ff928780000 - 0x00007ff9287a2000 	C:\Windows\SYSTEM32\WINMM.dll
0x00007ff92b560000 - 0x00007ff92b56a000 	C:\Windows\SYSTEM32\VERSION.dll
0x00007ff934170000 - 0x00007ff934177000 	C:\Windows\system32\PSAPI.DLL
0x00007ff935c50000 - 0x00007ff935caa000 	C:\Windows\system32\WS2_32.dll
0x00007ff921730000 - 0x00007ff92175a000 	C:\Windows\SYSTEM32\WINMMBASE.dll
0x00007ff934440000 - 0x00007ff934449000 	C:\Windows\system32\NSI.dll
0x00007ff932f10000 - 0x00007ff932f5f000 	C:\Windows\SYSTEM32\cfgmgr32.dll
0x00007ff931c70000 - 0x00007ff931c98000 	C:\Windows\SYSTEM32\DEVOBJ.dll
0x00007ff920cb0000 - 0x00007ff920cbf000 	C:\Program Files\Android\Android Studio\jre\jre\bin\verify.dll
0x00007ff91e630000 - 0x00007ff91e659000 	C:\Program Files\Android\Android Studio\jre\jre\bin\java.dll
0x00007ff91e610000 - 0x00007ff91e626000 	C:\Program Files\Android\Android Studio\jre\jre\bin\zip.dll
0x00007ff934720000 - 0x00007ff935c4c000 	C:\Windows\system32\SHELL32.dll
0x00007ff9333b0000 - 0x00007ff9335c2000 	C:\Windows\SYSTEM32\combase.dll
0x00007ff9343e0000 - 0x00007ff934434000 	C:\Windows\system32\SHLWAPI.dll
0x00007ff9314b0000 - 0x00007ff931562000 	C:\Windows\SYSTEM32\SHCORE.dll
0x00007ff932e40000 - 0x00007ff932e55000 	C:\Windows\SYSTEM32\profapi.dll
0x00007ff91e5f0000 - 0x00007ff91e60a000 	C:\Program Files\Android\Android Studio\jre\jre\bin\net.dll
0x00007ff932740000 - 0x00007ff932799000 	C:\Windows\system32\mswsock.dll
0x00007ff91e5d0000 - 0x00007ff91e5e1000 	C:\Program Files\Android\Android Studio\jre\jre\bin\nio.dll
0x00007ff91e540000 - 0x00007ff91e552000 	C:\Users\deval\.gradle\native\19\windows-amd64\native-platform.dll
0x00007ff9327a0000 - 0x00007ff9327c0000 	C:\Windows\SYSTEM32\CRYPTSP.dll
0x00007ff932370000 - 0x00007ff9323a6000 	C:\Windows\system32\rsaenh.dll
0x00007ff9329f0000 - 0x00007ff932a16000 	C:\Windows\SYSTEM32\bcrypt.dll
0x00007ff932480000 - 0x00007ff9324a1000 	C:\Windows\SYSTEM32\USERENV.dll
0x00007ff932d10000 - 0x00007ff932d73000 	C:\Windows\system32\bcryptprimitives.dll
0x00007ff932d80000 - 0x00007ff932d8b000 	C:\Windows\SYSTEM32\CRYPTBASE.dll
0x00007ff92e140000 - 0x00007ff92e16a000 	C:\Windows\SYSTEM32\IPHLPAPI.DLL
0x00007ff92dd30000 - 0x00007ff92dd3a000 	C:\Windows\SYSTEM32\WINNSI.DLL
0x00007ff92dcf0000 - 0x00007ff92dd06000 	C:\Windows\SYSTEM32\dhcpcsvc6.DLL
0x00007ff92d880000 - 0x00007ff92d89a000 	C:\Windows\SYSTEM32\dhcpcsvc.DLL
0x00007ff91ea10000 - 0x00007ff91ea1d000 	C:\Program Files\Android\Android Studio\jre\jre\bin\management.dll
0x00007ff908720000 - 0x00007ff9088b3000 	C:\Program Files\Android\Android Studio\jre\jre\bin\awt.dll
0x00007ff933ac0000 - 0x00007ff933b86000 	C:\Windows\system32\OLEAUT32.dll
0x00007ff931a00000 - 0x00007ff931a8e000 	C:\Windows\system32\apphelp.dll
0x00007ff9312b0000 - 0x00007ff9312d1000 	C:\Windows\system32\DWMAPI.DLL
0x00007ff931ad0000 - 0x00007ff931bf9000 	C:\Windows\system32\uxtheme.dll
0x00007ff91e510000 - 0x00007ff91e534000 	C:\Program Files\Android\Android Studio\jre\jre\bin\sunec.dll
0x00007ff932540000 - 0x00007ff9325e4000 	C:\Windows\SYSTEM32\DNSAPI.dll
0x0000000076540000 - 0x0000000076566000 	C:\Program Files\Bonjour\mdnsNSP.dll
0x00007ff91fdf0000 - 0x00007ff91fdfa000 	C:\Windows\System32\rasadhlp.dll
0x00007ff92d8a0000 - 0x00007ff92d90b000 	C:\Windows\System32\fwpuclnt.dll

VM Arguments:
jvm_args: -Xmx1536m -Dfile.encoding=windows-1252 -Duser.country=US -Duser.language=en -Duser.variant 
java_command: org.gradle.launcher.daemon.bootstrap.GradleDaemon 2.14.1
java_class_path (initial): C:\Users\deval\.gradle\wrapper\dists\gradle-2.14.1-all\8bnwg5hd3w55iofp58khbp6yv\gradle-2.14.1\lib\gradle-launcher-2.14.1.jar
Launcher Type: SUN_STANDARD

Environment Variables:
PATH=C:\ProgramData\Oracle\Java\javapath;C:\Windows\system32;C:\Windows;C:\Windows\System32\Wbem;C:\Windows\System32\WindowsPowerShell\v1.0\;C:\Program Files\Microsoft SQL Server\130\Tools\Binn\;C:\Program Files\Microsoft SQL Server\120\Tools\Binn\;C:\Program Files\Microsoft SQL Server\Client SDK\ODBC\110\Tools\Binn\;C:\Program Files (x86)\Microsoft SQL Server\120\Tools\Binn\;C:\Program Files\Microsoft SQL Server\120\DTS\Binn\;C:\Program Files (x86)\Microsoft SQL Server\120\Tools\Binn\ManagementStudio\;C:\Program Files (x86)\Microsoft SQL Server\120\DTS\Binn\;C:\Program Files (x86)\Skype\Phone\;C:\Program Files\TortoiseGit\bin;C:\Program Files\dotnet\;C:\Program Files\Git\cmd
USERNAME=deval
OS=Windows_NT
PROCESSOR_IDENTIFIER=Intel64 Family 6 Model 69 Stepping 1, GenuineIntel



---------------  S Y S T E M  ---------------

OS: Windows 8.1 , 64 bit Build 9600 (6.3.9600.17415)

CPU:total 4 (2 cores per cpu, 2 threads per core) family 6 model 69 stepping 1, cmov, cx8, fxsr, mmx, sse, sse2, sse3, ssse3, sse4.1, sse4.2, popcnt, avx, avx2, aes, clmul, erms, lzcnt, ht, tsc, tscinvbit, bmi1, bmi2

Memory: 4k page, physical 8290320k(477052k free), swap 11436048k(9568k free)

vm_info: OpenJDK 64-Bit Server VM (25.76-b03) for windows-amd64 JRE (1.8.0_76-release-b03), built on Jun 29 2016 19:09:20 by "ralucas" with MS VC++ 10.0 (VS2010)

time: Thu Jun 21 21:14:09 2018
elapsed time: 5569 seconds (0d 1h 32m 49s)

